  main.cpp
C:\Program Files (x86)\Windows Kits\10\Include\10.0.22621.0\shared\minwindef.h(130,9): warning C4005: "APIENTRY": ponowna definicja makra
  (kompilowanie pliku źródłowego „src/main.cpp”)
      C:\Users\pawel\Desktop\Grafika projekt\dependencies\glfw-3.3.8.bin.WIN32\include\GLFW\glfw3.h(123,11):
      zobacz poprzednią definicję „APIENTRY”
  
C:\Users\pawel\Desktop\Grafika projekt\cw 5\src\ex_5_1.hpp(227,23): warning C4244: "inicjowanie": konwersja z "double" do "float", możliwa utrata danych
  (kompilowanie pliku źródłowego „src/main.cpp”)
  
C:\Users\pawel\Desktop\Grafika projekt\cw 5\src\ex_5_1.hpp(228,23): warning C4244: "inicjowanie": konwersja z "double" do "float", możliwa utrata danych
  (kompilowanie pliku źródłowego „src/main.cpp”)
  
C:\Users\pawel\Desktop\Grafika projekt\cw 5\src\ex_5_1.hpp(332,38): warning C4305: "=": obcięcie z "double" do "float"
  (kompilowanie pliku źródłowego „src/main.cpp”)
  
C:\Users\pawel\Desktop\Grafika projekt\cw 5\src\ex_5_1.hpp(353,13): warning C4305: "inicjowanie": obcięcie z "double" do "float"
  (kompilowanie pliku źródłowego „src/main.cpp”)
  
C:\Users\pawel\Desktop\Grafika projekt\cw 5\src\ex_5_1.hpp(490,16): warning C4244: "inicjowanie": konwersja z "double" do "float", możliwa utrata danych
  (kompilowanie pliku źródłowego „src/main.cpp”)
  
C:\Users\pawel\Desktop\Grafika projekt\cw 5\src\ex_5_1.hpp(658,18): warning C4305: "inicjowanie": obcięcie z "double" do "float"
  (kompilowanie pliku źródłowego „src/main.cpp”)
  
C:\Users\pawel\Desktop\Grafika projekt\cw 5\src\ex_5_1.hpp(765,30): warning C4244: "+=": konwersja z "double" do "float", możliwa utrata danych
  (kompilowanie pliku źródłowego „src/main.cpp”)
  
C:\Users\pawel\Desktop\Grafika projekt\cw 5\src\ex_5_1.hpp(766,27): warning C4244: "+=": konwersja z "double" do "float", możliwa utrata danych
  (kompilowanie pliku źródłowego „src/main.cpp”)
  
C:\Users\pawel\Desktop\Grafika projekt\cw 5\src\ex_5_1.hpp(767,27): warning C4244: "+=": konwersja z "double" do "float", możliwa utrata danych
  (kompilowanie pliku źródłowego „src/main.cpp”)
  
Box.obj : warning LNK4075: zignorowano opcję „/EDITANDCONTINUE” z powodu określenia opcji „/INCREMENTAL:NO”
LINK : warning LNK4098: domyślna biblioteka „MSVCRT” powoduje konflikt z innymi bibliotekami; użyj opcji /NODEFAULTLIB:biblioteka
  grk-cw5.vcxproj -> C:\Users\pawel\Desktop\Grafika projekt\Debug\grk-cw5.exe
